
	            G L O B A L   R E F E R E N C E S

	             Name               Value        Type
	==============================|=======|===============
	escreve_ecra                     FFFE         CONSTANT
	controlo_ecra                    FFFC         CONSTANT
	inicializacao_controlo_ecra      FFFF         CONSTANT
	NL                               000A         CONSTANT
	SP_inicial                       FDFF         CONSTANT
	mask_compressao                  0007         CONSTANT
	mask_1_comparacao_original       F000         CONSTANT
	int_mask_addr                    FFFA         CONSTANT
	int_mask                         847E         CONSTANT
	escreve_LEDs                     FFF8         CONSTANT
	estado_inicial_LEDs              FFFF         CONSTANT
	controlo_timer                   FFF7         CONSTANT
	intervalo_timer                  FFF6         CONSTANT
	escrever_LCD                     FFF5         CONSTANT
	controlo_LCD                     FFF4         CONSTANT
	estado_inicial_LCD               8000         CONSTANT
	fim_str_LCD                      003A         CONSTANT
	display1                         FFF0         CONSTANT
	display2                         FFF1         CONSTANT
	fim_str_IA                       0021         CONSTANT
	fim_str_limpar_linha             002E         CONSTANT
	fim_str_ganhar                   0021         CONSTANT
	fim_str_perder                   002E         CONSTANT
	sequencia_secreta                8000         VARIABLE
	jogada                           8001         VARIABLE
	resultado                        8002         VARIABLE
	contador                         8003         VARIABLE
	contador2                        8004         VARIABLE
	contador_X                       8005         VARIABLE
	contador_O                       8006         VARIABLE
	contador_jogadas                 8007         VARIABLE
	contador_digitos_jog             8008         VARIABLE
	contador_linhas_ecra             8009         VARIABLE
	mudar_LEDs                       800A         VARIABLE
	estado_LEDs                      800B         VARIABLE
	estado_final_LCD                 800C         VARIABLE
	str_LCD                          800D           STRING
	str_IA                           801B           STRING
	mask_gerador_seq_aleatoria       803B         VARIABLE
	seed                             803C         VARIABLE
	mask_1_comparacao                803D         VARIABLE
	mask_2_comparacao                803E         VARIABLE
	temp1                            803F         VARIABLE
	temp2                            8040         VARIABLE
	pontuacao_max                    8041         VARIABLE
	limpar_linha                     8042           STRING
	cursor_ecra                      8092         VARIABLE
	str_ganhar                       8093           STRING
	str_perder                       80A4           STRING
	int1                             FE01         VARIABLE
	int2                             FE02         VARIABLE
	int3                             FE03         VARIABLE
	int4                             FE04         VARIABLE
	int5                             FE05         VARIABLE
	int6                             FE06         VARIABLE
	int10                            FE0A         VARIABLE
	timer                            FE0F         VARIABLE
	botao1                           000D            LABEL
	botao2                           001D            LABEL
	botao3                           002D            LABEL
	botao4                           003D            LABEL
	botao5                           004D            LABEL
	botao6                           005D            LABEL
	botaoIA                          006D            LABEL
	rotina_timer                     006F            LABEL
	Limpa_ecra                       007A            LABEL
	assim                            007C            LABEL
	proxima_linha                    008E            LABEL
	fim_limpa_ecra                   0098            LABEL
	New_line                         0099            LABEL
	Gerador_seq_aleatoria            00A4            LABEL
	fim_gerador_seq_aleatoria        00C2            LABEL
	Acende_LEDs                      00C3            LABEL
	Compressao                       00CC            LABEL
	rodar                            00CF            LABEL
	fim_compressao                   00DC            LABEL
	Decompressao                     00E0            LABEL
	rodar2                           00E4            LABEL
	fim_decompressao                 00F1            LABEL
	Comparacao                       00F5            LABEL
	etiq1                            010B            LABEL
	etiq2                            011B            LABEL
	bolas                            0121            LABEL
	etiq3                            0129            LABEL
	etiq4                            0152            LABEL
	etiq5                            0158            LABEL
	fim_comparacao                   0164            LABEL
	aux_comparacao                   0165            LABEL
	ola                              0166            LABEL
	Resultado                        0174            LABEL
	Escreve_resultado                017E            LABEL
	escreve_X                        0187            LABEL
	escreve_O                        0195            LABEL
	escreve_traco                    01A3            LABEL
	fim_escreve_resultado            01B1            LABEL
	Game_over                        01B2            LABEL
	ir                               01B8            LABEL
	fim_game_over                    01C6            LABEL
	Ganhou                           01C9            LABEL
	vai                              01CF            LABEL
	fim_ganhou                       01DD            LABEL
	inicio                           01E0            LABEL
	mais                             01E3            LABEL
	ciclo                            01F5            LABEL
	segue                            01FA            LABEL
	comecar                          0216            LABEL
	escreve_LCD                      021A            LABEL
	ciclo_jogo                       0228            LABEL
	continua                         0230            LABEL
	pois                             023F            LABEL
	prosseguir                       024C            LABEL
	usa_2_displays                   025F            LABEL
	continua_2                       0267            LABEL
	ganhar                           02A7            LABEL
	tem_2_digitos                    02C0            LABEL
	perder                           02D1            LABEL
